 **************** MCFM - version 10.3 ***************
 *                                                  *
 *  MCFM, v10.3                     January 2023    *
 *  CuTe-MCFM, v1.2                                 *
 *                                                  *
 *  On the web: https://mcfm.fnal.gov/              *
 *                                                  *
 *  MCFM Authors:                                   *
 *                                                  *
 *   John Campbell <johnmc@fnal.gov>                *
 *   Keith Ellis <ellis@fnal.gov>                   *
 *   Tobias Neumann <tneumann@fnal.gov>             *
 *   Ciaran Williams <ciaranwi@buffalo.edu>         *
 *                                                  *
 *  CuTe-MCFM Authors:                              *
 *                                                  *
 *   Thomas Becher <becher@itp.unibe.ch>            *
 *   Tobias Neumann <tneumann@fnal.gov>             *
 *                                                  *
 *   See https://mcfm.fnal.gov/                     *
 *     for a full list of contributors.             *
 *                                                  *
 ****************************************************

 ****************  MCFM references   ****************
 *                                                  *
 *  Precision phenomenology with MCFM-9.0           *
 *   J.M. Campbell, T. Neumann                      *
 *    arXiv:1909.09117                              *
 *                                                  *
 *  An update on vector boson pair production at    *
 *    hadron colliders                              *
 *   J.M. Campbell, R.K. Ellis, PRD60 (1999) 113006 *
 *                                                  *
 *  Vector boson pair production at the LHC         *
 *   J.M. Campbell, R.K. Ellis, C. Williams,        *
 *    JHEP 1107 (2011) 018                          *
 *                                                  *
 ****************************************************
 **************  Process references   ***************
 *                                                  *
 *  Bounding the Higgs width at the LHC using       *
 *    full analytic results for gg -> e-e+mu-mu+    *
 *   J.M. Campbell, R.K. Ellis, C. Williams,        *
 *    arXiv:1311.3589                               *
 *                                                  *
 ****************************************************
 ****************************************************
 *   MCFM uses the libraries                        *
 *                                                  *
 *    AMOS (Netlib)                                 *
 *    Chaplin 1.2 (Buehler, Duhr)                   *
 *    HandyG 0.1.4 (Naterop, Signer, Ulrich)        *
 *    hplog6 1.6 (Gehrmann, Remiddi)                *
 *    LHAPDF 6.5.1 (Buckley, et al.)                *
 *    QCDLoop 2.0.9 (Carazza, Ellis, Zanderighi)    *
 *    OneLOop (van Hameren)                         *
 *    Quad Double 2.3.22 (Hida, Li, Bailey)         *
 *                                                  *
 ****************************************************
 
 Running MCFM with            1  OMP threads
 
 
 MCFM compiled with GCC version 11.2.0 using the options -ffixed-form -cpp -I /u/taepa/mcfm/MCFM-10.3/src/Inc -I /u/taepa/mcfm/MCFM-10.3/. -I /u/taepa/mcfm/MCFM-10.3/Bin/local/include -I /u/taepa/mcfm/MCFM-10.3/Bin/local/include/qd -iprefix /raven/u/system/soft/SLE_15/packages/x86_64/gcc/11.2.0/bin/../lib/gcc/x86_64-pc-linux-gnu/11.2.0/ -D_REENTRANT -D HAVE_LHAPDF=1 -D WITH_VVAMP=1 -mtune=generic -march=x86-64 -finit-local-zero -ffixed-line-length-none -ffree-line-length-512 -fopenmp -ffpe-summary=none -fallow-argument-mismatch -fPIC -J include -fpre-include=/usr/include/finclude/math-vector-fortran.h
 
 
 Running MCFM as ./mcfm ./input_ggZZ_box.ini -general%rundir=ggZZ_box -general%runstring=ggZZ_box
 

 *****************************************************
 *     MCFM is calling LHAPDF                        *
 *                                                   *
 *   PDFname NNPDF31_nnlo_as_0118                    *
 *   PDFmember  0                                    *
 *                                                   *
 *****************************************************

 ************** Electroweak parameters **************
 *                                                  *
 *  zmass(+)   91.1876000     wmass(+)  80.3850000  *
 * zwidth(+)    2.4952000    wwidth(+)   2.0850000  *
 *     Gf(+) 0.116639D-04   1/aemmz    132.2319487  *
 *     xw       0.2228972      mtop(+) 173.3000000  *
 *   gwsq       0.4263525       esq      0.0950328  *
 * top width    1.4777968      at order  (LO)       *
 *    mb        4.6600000        mc      1.2750000  *
 *                                                  *
 * Parameters marked (+) are input, others derived  *
 ****************************************************

 WARNING: Higgs decay H->ZZ is below threshold and
 may not yield sensible results - check the number
 of integration points

 ***************** CKM mixing matrix ****************
 *                                                  *
 *      Vud=.97417    Vus=.22480    Vub=.40900E-02  *
 *      Vcd=.22000    Vcs=.99500    Vcb=.40500E-01  *
 ****************************************************
 Setting new_pspace = .false. !
Uniform histogram initialized for 'total cross'
Uniform histogram initialized for 'pt3456_lin'
Uniform histogram initialized for 'm3456'
Custom histogram initialized for 'pt3456'
Custom histogram initialized for 'ptZZ'
Uniform histogram initialized for 'ptl1'
Uniform histogram initialized for 'ptl2'
Uniform histogram initialized for 'ptl3'
Uniform histogram initialized for 'ptl4'
Custom histogram initialized for 'm4lpta'
Custom histogram initialized for 'm4lonshell'
 Using sobol with world_size =            1
 
LO warmup integration, contribution  1
 
 
 Vegas integration parameters:
 ndim = 10  ncall =        50000  iter =  5  alpha = 1.5
 

 ****************** Basic mass cuts *****************
 *                                                  *
 *             60.00  <   m34  <   180.00           *
 *             60.00  <   m56  <   180.00           *
 *            180.00  <  m3456 <  1000.00           *
 ****************************************************

 ****************** Generic cuts ********************
 *                                                  *
 *     20.000 <     pt(lepton)     < 13600.000 GeV  *
 *      0.000 <    |eta(lepton)|   <     2.500      *
 *       pt(missing)      >     0.00 GeV            *
 *     15.000 <   pt(2nd lepton)   < 13600.000 GeV  *
 *      0.000 <  |eta(2nd lepton)| <     2.500      *
 *      7.000 <   pt(3rd lepton)   < 13600.000 GeV  *
 *      0.000 <  |eta(3rd lepton)| <     2.500      *
 *  (3,4) transverse mass >     0.00 GeV            *
 *      R(jet,lepton)     >     0.00                *
 *     R(lepton,lepton)   >     0.00                *
 * |eta(jet1)-eta(jet2)|  >     0.00                *
 ****************************************************

 ************** Dynamic scale choice ****************
 *                                                  *
 *                 RENORMALIZATION                  *
 *       mu_ren  =  1.00 x m(3456)                  *
 *                                                  *
 *                  FACTORIZATION                   *
 *       mu_fac  =  1.00 x m(3456)                  *
 *                                                  *
 ****************************************************
 ****************************************************
 *                                                  *
 *  gg->ZZ box loop includes gens. 1 and 2          *
 *  gg->ZZ box loop includes bottom quark           *
 *  gg->ZZ box loop includes top quark              *
 *                                                  *
 *  Numer. stability: pt(Z) > 0.100 GeV (gens. 1,2) *
 *  Numer. stability: pt(Z) > 0.100 GeV (b,t loops) *
 *                                                  *
 ****************************************************
************** Integration by Vegas (iteration   1) ***************
*                                                                 *
*  integral  =   1.4456815       accum. integral =   1.4456815    *
*  std. dev =   0.76211031E-01   accum. std. dev =  0.76211031E-01*
*   max. wt. =    0.203140E-01                                    *
*                                                                 *
*  CPU time used:   1.8067940     seconds                         *
*  Wall time used:   1.9510000     seconds                        *
*  Threading efficiency:    92.6%                                 *
*                                                                 *
***************   chi**2/iteration =    0.000       ***************
 
************** Integration by Vegas (iteration   2) ***************
*                                                                 *
*  integral  =   1.5414520       accum. integral =   1.5395548    *
*  std. dev =   0.10834412E-01   accum. std. dev =  0.10726560E-01*
*   max. wt. =    0.203140E-01                                    *
*                                                                 *
*  CPU time used:   16.278521     seconds                         *
*  Wall time used:   16.282000     seconds                        *
*  Threading efficiency:   100.0%                                 *
*                                                                 *
***************   chi**2/iteration =    1.548       ***************
 
************** Integration by Vegas (iteration   3) ***************
*                                                                 *
*  integral  =   1.5481177       accum. integral =   1.5456577    *
*  std. dev =   0.68102418E-02   accum. std. dev =  0.57493595E-02*
*   max. wt. =    0.203140E-01                                    *
*                                                                 *
*  CPU time used:   16.496607     seconds                         *
*  Wall time used:   16.501000     seconds                        *
*  Threading efficiency:   100.0%                                 *
*                                                                 *
***************   chi**2/iteration =    1.001       ***************
 
************** Integration by Vegas (iteration   4) ***************
*                                                                 *
*  integral  =   1.5416610       accum. integral =   1.5441009    *
*  std. dev =   0.71978682E-02   accum. std. dev =  0.44922144E-02*
*   max. wt. =    0.203140E-01                                    *
*                                                                 *
*  CPU time used:   16.052235     seconds                         *
*  Wall time used:   16.056000     seconds                        *
*  Threading efficiency:   100.0%                                 *
*                                                                 *
***************   chi**2/iteration =   0.7301       ***************
 
************** Integration by Vegas (iteration   5) ***************
*                                                                 *
*  integral  =   1.5451945       accum. integral =   1.5444353    *
*  std. dev =   0.67692579E-02   accum. std. dev =  0.37430034E-02*
*   max. wt. =    0.203140E-01                                    *
*                                                                 *
*  CPU time used:   15.801105     seconds                         *
*  Wall time used:   15.805000     seconds                        *
*  Threading efficiency:   100.0%                                 *
*                                                                 *
***************   chi**2/iteration =   0.5521       ***************
 
 
CPU time for last  5 iterations:   66.435669    
Wall time for last  5 iterations:   66.595000    
 
 
CPU time total:   66.516610    
Wall time total:   68.414000    
 
 Reached warmup precisionGoal with                 50000  calls per iteration
 
 Snapshot written to ./ggZZbx_lo_NNPDF31_nnlo_as_0118_1.00_1.00_ggZZ_box_snapshot.dat
 
 
 WARMUP phase complete
 Intermediate warmup result
Value of integral is    1.54444     ±   0.37430E-02 fb
 Maximum chisq/it over all contributions is  0.552    
 
first full integration for LO contribution  1
 
 Vegas integration parameters:
 ndim = 10  ncall =       200000  iter = 10  alpha = 0.8
 
************** Integration by Vegas (iteration   1) ***************
*                                                                 *
*  integral  =   1.5432020       accum. integral =   1.5432020    *
*  std. dev =   0.31265327E-02   accum. std. dev =  0.31265327E-02*
*   max. wt. =    0.203140E-01                                    *
*                                                                 *
*  CPU time used:   75.830856     seconds                         *
*  Wall time used:   75.904000     seconds                        *
*  Threading efficiency:    99.9%                                 *
*                                                                 *
***************   chi**2/iteration =    0.000       ***************
 
************** Integration by Vegas (iteration   2) ***************
*                                                                 *
*  integral  =   1.5474225       accum. integral =   1.5454607    *
*  std. dev =   0.29138033E-02   accum. std. dev =  0.21316109E-02*
*   max. wt. =    0.203140E-01                                    *
*                                                                 *
*  CPU time used:   74.469818     seconds                         *
*  Wall time used:   74.554000     seconds                        *
*  Threading efficiency:    99.9%                                 *
*                                                                 *
***************   chi**2/iteration =   0.9752       ***************
 
************** Integration by Vegas (iteration   3) ***************
*                                                                 *
*  integral  =   1.5437536       accum. integral =   1.5448558    *
*  std. dev =   0.28775870E-02   accum. std. dev =  0.17128528E-02*
*   max. wt. =    0.203140E-01                                    *
*                                                                 *
*  CPU time used:   74.520874     seconds                         *
*  Wall time used:   74.615000     seconds                        *
*  Threading efficiency:    99.9%                                 *
*                                                                 *
***************   chi**2/iteration =   0.6012       ***************
 
************** Integration by Vegas (iteration   4) ***************
*                                                                 *
*  integral  =   1.5455327       accum. integral =   1.5450344    *
*  std. dev =   0.28614793E-02   accum. std. dev =  0.14696726E-02*
*   max. wt. =    0.203140E-01                                    *
*                                                                 *
*  CPU time used:   74.219421     seconds                         *
*  Wall time used:   74.347000     seconds                        *
*  Threading efficiency:    99.8%                                 *
*                                                                 *
***************   chi**2/iteration =   0.4145       ***************
 
************** Integration by Vegas (iteration   5) ***************
*                                                                 *
*  integral  =   1.5448189       accum. integral =   1.5450045    *
*  std. dev =   0.36596920E-02   accum. std. dev =  0.13638107E-02*
*   max. wt. =    0.203140E-01                                    *
*                                                                 *
*  CPU time used:   73.821350     seconds                         *
*  Wall time used:   74.000000     seconds                        *
*  Threading efficiency:    99.8%                                 *
*                                                                 *
***************   chi**2/iteration =   0.3117       ***************
 
************** Integration by Vegas (iteration   6) ***************
*                                                                 *
*  integral  =   1.5473769       accum. integral =   1.5453894    *
*  std. dev =   0.30988006E-02   accum. std. dev =  0.12482662E-02*
*   max. wt. =    0.203140E-01                                    *
*                                                                 *
*  CPU time used:   73.785706     seconds                         *
*  Wall time used:   73.914000     seconds                        *
*  Threading efficiency:    99.8%                                 *
*                                                                 *
***************   chi**2/iteration =   0.3475       ***************
 
************** Integration by Vegas (iteration   7) ***************
*                                                                 *
*  integral  =   1.5468852       accum. integral =   1.5456207    *
*  std. dev =   0.29186241E-02   accum. std. dev =  0.11477036E-02*
*   max. wt. =    0.203140E-01                                    *
*                                                                 *
*  CPU time used:   74.817078     seconds                         *
*  Wall time used:   74.974000     seconds                        *
*  Threading efficiency:    99.8%                                 *
*                                                                 *
***************   chi**2/iteration =   0.3266       ***************
 
************** Integration by Vegas (iteration   8) ***************
*                                                                 *
*  integral  =   1.5451611       accum. integral =   1.5455622    *
*  std. dev =   0.30037171E-02   accum. std. dev =  0.10721071E-02*
*   max. wt. =    0.203140E-01                                    *
*                                                                 *
*  CPU time used:   73.487366     seconds                         *
*  Wall time used:   73.599000     seconds                        *
*  Threading efficiency:    99.8%                                 *
*                                                                 *
***************   chi**2/iteration =   0.2829       ***************
 
************** Integration by Vegas (iteration   9) ***************
*                                                                 *
*  integral  =   1.5441814       accum. integral =   1.5454045    *
*  std. dev =   0.29864346E-02   accum. std. dev =  0.10090557E-02*
*   max. wt. =    0.203140E-01                                    *
*                                                                 *
*  CPU time used:   73.219849     seconds                         *
*  Wall time used:   73.302000     seconds                        *
*  Threading efficiency:    99.9%                                 *
*                                                                 *
***************   chi**2/iteration =   0.2712       ***************
 
************** Integration by Vegas (iteration  10) ***************
*                                                                 *
*  integral  =   1.5458959       accum. integral =   1.5454565    *
*  std. dev =   0.29349722E-02   accum. std. dev =  0.95423459E-03*
*   max. wt. =    0.203140E-01                                    *
*                                                                 *
*  CPU time used:   75.881165     seconds                         *
*  Wall time used:   75.970000     seconds                        *
*  Threading efficiency:    99.9%                                 *
*                                                                 *
***************   chi**2/iteration =   0.2438       ***************
 
 
CPU time for last 10 iterations:   744.05396    
Wall time for last 10 iterations:   745.18100    
 
 
CPU time total:   810.58068    
Wall time total:   813.63600    
 
 
 Snapshot written to ./ggZZbx_lo_NNPDF31_nnlo_as_0118_1.00_1.00_ggZZ_box_snapshot.dat
 
=== Result for PDF set NNPDF31_nnlo_as_0118 member   0 ===
Value of integral is    1.54546     ±   0.95423E-03 fb
 Maximum chisq/it over all contributions is  0.244    
                                  
================================= 
Global information about the job: 
================================= 
  
Job owner: taepa(54821)
Job name:  ggZZ_box
Node list: ravc4041
Job start: Thu Aug  8 21:18:28 CEST 2024
Job end:   Thu Aug  8 21:32:03 CEST 2024
Work dir:  /raven/u/taepa/mcfm/MCFM-10.3/Bin
Command:   /raven/u/taepa/mcfm/MCFM-10.3/Bin/ggZZ_box/job.sh
  
  
  
==========================================================================================
Information on jobsteps (Note: MaxRSS/AveRSS is the maximum/average over all 
tasks of the per-task memory high-water marks; cf. "man sacct"): 
==========================================================================================
  
JobID            JobName NNodes NTasks  NCPUS       MaxRSS       AveRSS    Elapsed ExitCode
------------- ---------- ------ ------ ------ ------------ ------------ ---------- --------
12286505        ggZZ_box      1             2                             00:13:35      0:0
  
Maximum memory per node: 0.044396 GB (defined as MaxRSS*Ntasks/NNodes)
CPU utilization: 98.9 %
  
