 **************** MCFM - version 10.3 ***************
 *                                                  *
 *  MCFM, v10.3                     January 2023    *
 *  CuTe-MCFM, v1.2                                 *
 *                                                  *
 *  On the web: https://mcfm.fnal.gov/              *
 *                                                  *
 *  MCFM Authors:                                   *
 *                                                  *
 *   John Campbell <johnmc@fnal.gov>                *
 *   Keith Ellis <ellis@fnal.gov>                   *
 *   Tobias Neumann <tneumann@fnal.gov>             *
 *   Ciaran Williams <ciaranwi@buffalo.edu>         *
 *                                                  *
 *  CuTe-MCFM Authors:                              *
 *                                                  *
 *   Thomas Becher <becher@itp.unibe.ch>            *
 *   Tobias Neumann <tneumann@fnal.gov>             *
 *                                                  *
 *   See https://mcfm.fnal.gov/                     *
 *     for a full list of contributors.             *
 *                                                  *
 ****************************************************

 ****************  MCFM references   ****************
 *                                                  *
 *  Precision phenomenology with MCFM-9.0           *
 *   J.M. Campbell, T. Neumann                      *
 *    arXiv:1909.09117                              *
 *                                                  *
 *  An update on vector boson pair production at    *
 *    hadron colliders                              *
 *   J.M. Campbell, R.K. Ellis, PRD60 (1999) 113006 *
 *                                                  *
 *  Vector boson pair production at the LHC         *
 *   J.M. Campbell, R.K. Ellis, C. Williams,        *
 *    JHEP 1107 (2011) 018                          *
 *                                                  *
 ****************************************************
 **************  Process references   ***************
 *                                                  *
 *  Bounding the Higgs width at the LHC using       *
 *    full analytic results for gg -> e-e+mu-mu+    *
 *   J.M. Campbell, R.K. Ellis, C. Williams,        *
 *    arXiv:1311.3589                               *
 *                                                  *
 ****************************************************
 ****************************************************
 *   MCFM uses the libraries                        *
 *                                                  *
 *    AMOS (Netlib)                                 *
 *    Chaplin 1.2 (Buehler, Duhr)                   *
 *    HandyG 0.1.4 (Naterop, Signer, Ulrich)        *
 *    hplog6 1.6 (Gehrmann, Remiddi)                *
 *    LHAPDF 6.5.1 (Buckley, et al.)                *
 *    QCDLoop 2.0.9 (Carazza, Ellis, Zanderighi)    *
 *    OneLOop (van Hameren)                         *
 *    Quad Double 2.3.22 (Hida, Li, Bailey)         *
 *                                                  *
 ****************************************************
 
 Running MCFM with            1  OMP threads
 
 
 MCFM compiled with GCC version 11.2.0 using the options -ffixed-form -cpp -I /u/taepa/mcfm/MCFM-10.3/src/Inc -I /u/taepa/mcfm/MCFM-10.3/. -I /u/taepa/mcfm/MCFM-10.3/Bin/local/include -I /u/taepa/mcfm/MCFM-10.3/Bin/local/include/qd -iprefix /raven/u/system/soft/SLE_15/packages/x86_64/gcc/11.2.0/bin/../lib/gcc/x86_64-pc-linux-gnu/11.2.0/ -D_REENTRANT -D HAVE_LHAPDF=1 -D WITH_VVAMP=1 -mtune=generic -march=x86-64 -finit-local-zero -ffixed-line-length-none -ffree-line-length-512 -fopenmp -ffpe-summary=none -fallow-argument-mismatch -fPIC -J include -fpre-include=/usr/include/finclude/math-vector-fortran.h
 
 
 Running MCFM as ./mcfm ./input_gghZZ_int.ini -general%rundir=gghZZ_int -general%runstring=gghZZ_int
 

 *****************************************************
 *     MCFM is calling LHAPDF                        *
 *                                                   *
 *   PDFname NNPDF31_nnlo_as_0118                    *
 *   PDFmember  0                                    *
 *                                                   *
 *****************************************************

 ************** Electroweak parameters **************
 *                                                  *
 *  zmass(+)   91.1876000     wmass(+)  80.3850000  *
 * zwidth(+)    2.4952000    wwidth(+)   2.0850000  *
 *     Gf(+) 0.116639D-04   1/aemmz    132.2319487  *
 *     xw       0.2228972      mtop(+) 173.3000000  *
 *   gwsq       0.4263525       esq      0.0950328  *
 * top width    1.4777968      at order  (LO)       *
 *    mb        4.6600000        mc      1.2750000  *
 *                                                  *
 * Parameters marked (+) are input, others derived  *
 ****************************************************

 WARNING: Higgs decay H->ZZ is below threshold and
 may not yield sensible results - check the number
 of integration points

 ***************** CKM mixing matrix ****************
 *                                                  *
 *      Vud=.97417    Vus=.22480    Vub=.40900E-02  *
 *      Vcd=.22000    Vcs=.99500    Vcb=.40500E-01  *
 ****************************************************
 Setting new_pspace = .false. !
Uniform histogram initialized for 'total cross'
Uniform histogram initialized for 'pt3456_lin'
Uniform histogram initialized for 'm3456'
Custom histogram initialized for 'pt3456'
Custom histogram initialized for 'ptZZ'
Uniform histogram initialized for 'ptl1'
Uniform histogram initialized for 'ptl2'
Uniform histogram initialized for 'ptl3'
Uniform histogram initialized for 'ptl4'
Custom histogram initialized for 'm4lpta'
Custom histogram initialized for 'm4lonshell'
 Using sobol with world_size =            1
 
LO warmup integration, contribution  1
 
 
 Vegas integration parameters:
 ndim = 10  ncall =        50000  iter =  5  alpha = 1.5
 

 ****************** Basic mass cuts *****************
 *                                                  *
 *             60.00  <   m34  <   180.00           *
 *             60.00  <   m56  <   180.00           *
 *            180.00  <  m3456 <  1000.00           *
 ****************************************************

 ****************** Generic cuts ********************
 *                                                  *
 *     20.000 <     pt(lepton)     < 13600.000 GeV  *
 *      0.000 <    |eta(lepton)|   <     2.500      *
 *       pt(missing)      >     0.00 GeV            *
 *     15.000 <   pt(2nd lepton)   < 13600.000 GeV  *
 *      0.000 <  |eta(2nd lepton)| <     2.500      *
 *      7.000 <   pt(3rd lepton)   < 13600.000 GeV  *
 *      0.000 <  |eta(3rd lepton)| <     2.500      *
 *  (3,4) transverse mass >     0.00 GeV            *
 *      R(jet,lepton)     >     0.00                *
 *     R(lepton,lepton)   >     0.00                *
 * |eta(jet1)-eta(jet2)|  >     0.00                *
 ****************************************************

 ************** Dynamic scale choice ****************
 *                                                  *
 *                 RENORMALIZATION                  *
 *       mu_ren  =  1.00 x m(3456)                  *
 *                                                  *
 *                  FACTORIZATION                   *
 *       mu_fac  =  1.00 x m(3456)                  *
 *                                                  *
 ****************************************************
 ****************************************************
 *                                                  *
 *  gg->ZZ box loop includes gens. 1 and 2          *
 *  gg->ZZ box loop includes bottom quark           *
 *  gg->ZZ box loop includes top quark              *
 *                                                  *
 *  Numer. stability: pt(Z) > 0.100 GeV (gens. 1,2) *
 *  Numer. stability: pt(Z) > 0.100 GeV (b,t loops) *
 *                                                  *
 ****************************************************
************** Integration by Vegas (iteration   1) ***************
*                                                                 *
*  integral  = -0.15156135       accum. integral = -0.15156135    *
*  std. dev =   0.11159929E-01   accum. std. dev =  0.11159929E-01*
*   max. wt. =    0.289154E-02                                    *
*                                                                 *
*  CPU time used:   3.7832162     seconds                         *
*  Wall time used:   3.9270000     seconds                        *
*  Threading efficiency:    96.3%                                 *
*                                                                 *
***************   chi**2/iteration =    0.000       ***************
 
************** Integration by Vegas (iteration   2) ***************
*                                                                 *
*  integral  = -0.15622338       accum. integral = -0.15608250    *
*  std. dev =   0.19699606E-02   accum. std. dev =  0.19399681E-02*
*   max. wt. =    0.289154E-02                                    *
*                                                                 *
*  CPU time used:   274.67563     seconds                         *
*  Wall time used:   274.73800     seconds                        *
*  Threading efficiency:   100.0%                                 *
*                                                                 *
***************   chi**2/iteration =   0.1692       ***************
 
************** Integration by Vegas (iteration   3) ***************
*                                                                 *
*  integral  = -0.15383805       accum. integral = -0.15419376    *
*  std. dev =   0.84189573E-03   accum. std. dev =  0.77230553E-03*
*   max. wt. =    0.289154E-02                                    *
*                                                                 *
*  CPU time used:   300.44012     seconds                         *
*  Wall time used:   300.50800     seconds                        *
*  Threading efficiency:   100.0%                                 *
*                                                                 *
***************   chi**2/iteration =   0.6478       ***************
 
************** Integration by Vegas (iteration   4) ***************
*                                                                 *
*  integral  = -0.15350436       accum. integral = -0.15386018    *
*  std. dev =   0.79763284E-03   accum. std. dev =  0.55484038E-03*
*   max. wt. =    0.289154E-02                                    *
*                                                                 *
*  CPU time used:   295.20837     seconds                         *
*  Wall time used:   295.27000     seconds                        *
*  Threading efficiency:   100.0%                                 *
*                                                                 *
***************   chi**2/iteration =   0.5604       ***************
 
************** Integration by Vegas (iteration   5) ***************
*                                                                 *
*  integral  = -0.15476919       accum. integral = -0.15417069    *
*  std. dev =   0.77030542E-03   accum. std. dev =  0.45021091E-03*
*   max. wt. =    0.289154E-02                                    *
*                                                                 *
*  CPU time used:   303.41010     seconds                         *
*  Wall time used:   303.47300     seconds                        *
*  Threading efficiency:   100.0%                                 *
*                                                                 *
***************   chi**2/iteration =   0.6495       ***************
 
 
CPU time for last  5 iterations:   1177.5178    
Wall time for last  5 iterations:   1177.9160    
 
 
CPU time total:   1177.5996    
Wall time total:   1179.7350    
 
 Reached warmup precisionGoal with                 50000  calls per iteration
 
 Snapshot written to ./HZZint_lo_NNPDF31_nnlo_as_0118_1.00_1.00_125_gghZZ_int_snapshot.dat
 
 
 WARMUP phase complete
 Intermediate warmup result
Value of integral is  -0.154171     ±   0.45021E-03 fb
 Maximum chisq/it over all contributions is  0.650    
 
first full integration for LO contribution  1
 
 Vegas integration parameters:
 ndim = 10  ncall =       200000  iter = 10  alpha = 0.8
 
************** Integration by Vegas (iteration   1) ***************
*                                                                 *
*  integral  = -0.15418258       accum. integral = -0.15418258    *
*  std. dev =   0.32653052E-03   accum. std. dev =  0.32653052E-03*
*   max. wt. =    0.289154E-02                                    *
*                                                                 *
*  CPU time used:   1241.0143     seconds                         *
*  Wall time used:   1243.7040     seconds                        *
*  Threading efficiency:    99.8%                                 *
*                                                                 *
***************   chi**2/iteration =    0.000       ***************
 
************** Integration by Vegas (iteration   2) ***************
*                                                                 *
*  integral  = -0.15389008       accum. integral = -0.15408147    *
*  std. dev =   0.44925672E-03   accum. std. dev =  0.26413339E-03*
*   max. wt. =    0.289154E-02                                    *
*                                                                 *
*  CPU time used:   1243.1382     seconds                         *
*  Wall time used:   1246.0630     seconds                        *
*  Threading efficiency:    99.8%                                 *
*                                                                 *
***************   chi**2/iteration =   0.2774       ***************
 
************** Integration by Vegas (iteration   3) ***************
*                                                                 *
*  integral  = -0.15353221       accum. integral = -0.15388760    *
*  std. dev =   0.35761526E-03   accum. std. dev =  0.21246398E-03*
*   max. wt. =    0.289154E-02                                    *
*                                                                 *
*  CPU time used:   1252.3713     seconds                         *
*  Wall time used:   1258.1240     seconds                        *
*  Threading efficiency:    99.5%                                 *
*                                                                 *
***************   chi**2/iteration =   0.9019       ***************
 
************** Integration by Vegas (iteration   4) ***************
*                                                                 *
*  integral  = -0.15454989       accum. integral = -0.15398267    *
*  std. dev =   0.51895874E-03   accum. std. dev =  0.19662378E-03*
*   max. wt. =    0.289154E-02                                    *
*                                                                 *
*  CPU time used:   1250.0376     seconds                         *
*  Wall time used:   1254.3550     seconds                        *
*  Threading efficiency:    99.7%                                 *
*                                                                 *
***************   chi**2/iteration =    1.066       ***************
 
************** Integration by Vegas (iteration   5) ***************
*                                                                 *
*  integral  = -0.15455574       accum. integral = -0.15406962    *
*  std. dev =   0.46490611E-03   accum. std. dev =  0.18109347E-03*
*   max. wt. =    0.289154E-02                                    *
*                                                                 *
*  CPU time used:   1232.0698     seconds                         *
*  Wall time used:   1238.9410     seconds                        *
*  Threading efficiency:    99.4%                                 *
*                                                                 *
***************   chi**2/iteration =    1.122       ***************
 
************** Integration by Vegas (iteration   6) ***************
*                                                                 *
*  integral  = -0.15449681       accum. integral = -0.15415318    *
*  std. dev =   0.36723299E-03   accum. std. dev =  0.16241881E-03*
*   max. wt. =    0.289154E-02                                    *
*                                                                 *
*  CPU time used:   1213.3574     seconds                         *
*  Wall time used:   1217.3760     seconds                        *
*  Threading efficiency:    99.7%                                 *
*                                                                 *
***************   chi**2/iteration =    1.115       ***************
 
************** Integration by Vegas (iteration   7) ***************
*                                                                 *
*  integral  = -0.15443926       accum. integral = -0.15421302    *
*  std. dev =   0.31582153E-03   accum. std. dev =  0.14443775E-03*
*   max. wt. =    0.289154E-02                                    *
*                                                                 *
*  CPU time used:   1250.8799     seconds                         *
*  Wall time used:   1253.0390     seconds                        *
*  Threading efficiency:    99.8%                                 *
*                                                                 *
***************   chi**2/iteration =    1.037       ***************
 
************** Integration by Vegas (iteration   8) ***************
*                                                                 *
*  integral  = -0.15468437       accum. integral = -0.15424207    *
*  std. dev =   0.56356065E-03   accum. std. dev =  0.13991551E-03*
*   max. wt. =    0.289154E-02                                    *
*                                                                 *
*  CPU time used:   1257.7598     seconds                         *
*  Wall time used:   1260.0110     seconds                        *
*  Threading efficiency:    99.8%                                 *
*                                                                 *
***************   chi**2/iteration =   0.9830       ***************
 
************** Integration by Vegas (iteration   9) ***************
*                                                                 *
*  integral  = -0.15413066       accum. integral = -0.15423380    *
*  std. dev =   0.49413288E-03   accum. std. dev =  0.13462280E-03*
*   max. wt. =    0.289154E-02                                    *
*                                                                 *
*  CPU time used:   1224.4990     seconds                         *
*  Wall time used:   1226.7340     seconds                        *
*  Threading efficiency:    99.8%                                 *
*                                                                 *
***************   chi**2/iteration =   0.8660       ***************
 
************** Integration by Vegas (iteration  10) ***************
*                                                                 *
*  integral  = -0.15420822       accum. integral = -0.15423119    *
*  std. dev =   0.39952771E-03   accum. std. dev =  0.12757512E-03*
*   max. wt. =    0.289154E-02                                    *
*                                                                 *
*  CPU time used:   1232.7939     seconds                         *
*  Wall time used:   1235.5200     seconds                        *
*  Threading efficiency:    99.8%                                 *
*                                                                 *
***************   chi**2/iteration =   0.7702       ***************
 
 
CPU time for last 10 iterations:   12397.922    
Wall time for last 10 iterations:   12433.900    
 
 
CPU time total:   13575.531    
Wall time total:   13613.653    
 
 
 Snapshot written to ./HZZint_lo_NNPDF31_nnlo_as_0118_1.00_1.00_125_gghZZ_int_snapshot.dat
 
=== Result for PDF set NNPDF31_nnlo_as_0118 member   0 ===
Value of integral is  -0.154231     ±   0.12758E-03 fb
 Maximum chisq/it over all contributions is  0.770    
                                  
================================= 
Global information about the job: 
================================= 
  
Job owner: taepa(54821)
Job name:  gghZZ_int
Node list: ravc4041
Job start: Thu Aug  8 21:18:28 CEST 2024
Job end:   Fri Aug  9 01:05:23 CEST 2024
Work dir:  /raven/u/taepa/mcfm/MCFM-10.3/Bin
Command:   /raven/u/taepa/mcfm/MCFM-10.3/Bin/gghZZ_int/job.sh
  
  
  
==========================================================================================
Information on jobsteps (Note: MaxRSS/AveRSS is the maximum/average over all 
tasks of the per-task memory high-water marks; cf. "man sacct"): 
==========================================================================================
  
JobID            JobName NNodes NTasks  NCPUS       MaxRSS       AveRSS    Elapsed ExitCode
------------- ---------- ------ ------ ------ ------------ ------------ ---------- --------
12286504       gghZZ_int      1             2                             03:46:55      0:0
  
Maximum memory per node: 0.046083 GB (defined as MaxRSS*Ntasks/NNodes)
CPU utilization: 99.5 %
  
