 **************** MCFM - version 10.3 ***************
 *                                                  *
 *  MCFM, v10.3                     January 2023    *
 *  CuTe-MCFM, v1.2                                 *
 *                                                  *
 *  On the web: https://mcfm.fnal.gov/              *
 *                                                  *
 *  MCFM Authors:                                   *
 *                                                  *
 *   John Campbell <johnmc@fnal.gov>                *
 *   Keith Ellis <ellis@fnal.gov>                   *
 *   Tobias Neumann <tneumann@fnal.gov>             *
 *   Ciaran Williams <ciaranwi@buffalo.edu>         *
 *                                                  *
 *  CuTe-MCFM Authors:                              *
 *                                                  *
 *   Thomas Becher <becher@itp.unibe.ch>            *
 *   Tobias Neumann <tneumann@fnal.gov>             *
 *                                                  *
 *   See https://mcfm.fnal.gov/                     *
 *     for a full list of contributors.             *
 *                                                  *
 ****************************************************

 ****************  MCFM references   ****************
 *                                                  *
 *  Precision phenomenology with MCFM-9.0           *
 *   J.M. Campbell, T. Neumann                      *
 *    arXiv:1909.09117                              *
 *                                                  *
 *  An update on vector boson pair production at    *
 *    hadron colliders                              *
 *   J.M. Campbell, R.K. Ellis, PRD60 (1999) 113006 *
 *                                                  *
 *  Vector boson pair production at the LHC         *
 *   J.M. Campbell, R.K. Ellis, C. Williams,        *
 *    JHEP 1107 (2011) 018                          *
 *                                                  *
 ****************************************************
 **************  Process references   ***************
 *                                                  *
 *  Bounding the Higgs width at the LHC using       *
 *    full analytic results for gg -> e-e+mu-mu+    *
 *   J.M. Campbell, R.K. Ellis, C. Williams,        *
 *    arXiv:1311.3589                               *
 *                                                  *
 ****************************************************
 ****************************************************
 *   MCFM uses the libraries                        *
 *                                                  *
 *    AMOS (Netlib)                                 *
 *    Chaplin 1.2 (Buehler, Duhr)                   *
 *    HandyG 0.1.4 (Naterop, Signer, Ulrich)        *
 *    hplog6 1.6 (Gehrmann, Remiddi)                *
 *    LHAPDF 6.5.1 (Buckley, et al.)                *
 *    QCDLoop 2.0.9 (Carazza, Ellis, Zanderighi)    *
 *    OneLOop (van Hameren)                         *
 *    Quad Double 2.3.22 (Hida, Li, Bailey)         *
 *                                                  *
 ****************************************************
 
 Running MCFM with            1  OMP threads
 
 
 MCFM compiled with GCC version 11.2.0 using the options -ffixed-form -cpp -I /u/taepa/mcfm/MCFM-10.3/src/Inc -I /u/taepa/mcfm/MCFM-10.3/. -I /u/taepa/mcfm/MCFM-10.3/Bin/local/include -I /u/taepa/mcfm/MCFM-10.3/Bin/local/include/qd -iprefix /raven/u/system/soft/SLE_15/packages/x86_64/gcc/11.2.0/bin/../lib/gcc/x86_64-pc-linux-gnu/11.2.0/ -D_REENTRANT -D HAVE_LHAPDF=1 -D WITH_VVAMP=1 -mtune=generic -march=x86-64 -finit-local-zero -ffixed-line-length-none -ffree-line-length-512 -fopenmp -ffpe-summary=none -fallow-argument-mismatch -fPIC -J include -fpre-include=/usr/include/finclude/math-vector-fortran.h
 
 
 Running MCFM as ./mcfm ./input_ggZZ_all.ini -general%rundir=ggZZ_all -general%runstring=ggZZ_all
 

 *****************************************************
 *     MCFM is calling LHAPDF                        *
 *                                                   *
 *   PDFname NNPDF31_nnlo_as_0118                    *
 *   PDFmember  0                                    *
 *                                                   *
 *****************************************************

 ************** Electroweak parameters **************
 *                                                  *
 *  zmass(+)   91.1876000     wmass(+)  80.3850000  *
 * zwidth(+)    2.4952000    wwidth(+)   2.0850000  *
 *     Gf(+) 0.116639D-04   1/aemmz    132.2319487  *
 *     xw       0.2228972      mtop(+) 173.3000000  *
 *   gwsq       0.4263525       esq      0.0950328  *
 * top width    1.4777968      at order  (LO)       *
 *    mb        4.6600000        mc      1.2750000  *
 *                                                  *
 * Parameters marked (+) are input, others derived  *
 ****************************************************

 WARNING: Higgs decay H->ZZ is below threshold and
 may not yield sensible results - check the number
 of integration points

 ***************** CKM mixing matrix ****************
 *                                                  *
 *      Vud=.97417    Vus=.22480    Vub=.40900E-02  *
 *      Vcd=.22000    Vcs=.99500    Vcb=.40500E-01  *
 ****************************************************
 Setting new_pspace = .false. !
Uniform histogram initialized for 'total cross'
Uniform histogram initialized for 'pt3456_lin'
Uniform histogram initialized for 'm3456'
Custom histogram initialized for 'pt3456'
Custom histogram initialized for 'ptZZ'
Uniform histogram initialized for 'ptl1'
Uniform histogram initialized for 'ptl2'
Uniform histogram initialized for 'ptl3'
Uniform histogram initialized for 'ptl4'
Custom histogram initialized for 'm4lpta'
Custom histogram initialized for 'm4lonshell'
 Using sobol with world_size =            1
 
LO warmup integration, contribution  1
 
 
 Vegas integration parameters:
 ndim = 10  ncall =        20000  iter =  5  alpha = 1.5
 

 ****************** Basic mass cuts *****************
 *                                                  *
 *             60.00  <   m34  <   180.00           *
 *             60.00  <   m56  <   180.00           *
 *            180.00  <  m3456 <  1000.00           *
 ****************************************************

 ****************** Generic cuts ********************
 *                                                  *
 *     20.000 <     pt(lepton)     < 13600.000 GeV  *
 *      0.000 <    |eta(lepton)|   <     2.500      *
 *       pt(missing)      >     0.00 GeV            *
 *     15.000 <   pt(2nd lepton)   < 13600.000 GeV  *
 *      0.000 <  |eta(2nd lepton)| <     2.500      *
 *      7.000 <   pt(3rd lepton)   < 13600.000 GeV  *
 *      0.000 <  |eta(3rd lepton)| <     2.500      *
 *  (3,4) transverse mass >     0.00 GeV            *
 *      R(jet,lepton)     >     0.00                *
 *     R(lepton,lepton)   >     0.00                *
 * |eta(jet1)-eta(jet2)|  >     0.00                *
 ****************************************************

 ************** Dynamic scale choice ****************
 *                                                  *
 *                 RENORMALIZATION                  *
 *       mu_ren  =  1.00 x m(3456)                  *
 *                                                  *
 *                  FACTORIZATION                   *
 *       mu_fac  =  1.00 x m(3456)                  *
 *                                                  *
 ****************************************************
 ****************************************************
 *                                                  *
 *  gg->ZZ box loop includes gens. 1 and 2          *
 *  gg->ZZ box loop includes bottom quark           *
 *  gg->ZZ box loop includes top quark              *
 *                                                  *
 *  Numer. stability: pt(Z) > 0.100 GeV (gens. 1,2) *
 *  Numer. stability: pt(Z) > 0.100 GeV (b,t loops) *
 *                                                  *
 ****************************************************
************** Integration by Vegas (iteration   1) ***************
*                                                                 *
*  integral  =   1.5376652       accum. integral =   1.5376652    *
*  std. dev =   0.17317096       accum. std. dev =  0.17317096    *
*   max. wt. =    0.930878E-01                                    *
*                                                                 *
*  CPU time used:   1.4992731     seconds                         *
*  Wall time used:   1.5490000     seconds                        *
*  Threading efficiency:    96.8%                                 *
*                                                                 *
***************   chi**2/iteration =    0.000       ***************
 
************** Integration by Vegas (iteration   2) ***************
*                                                                 *
*  integral  =   1.4282582       accum. integral =   1.4332184    *
*  std. dev =   0.37737832E-01   accum. std. dev =  0.36872448E-01*
*   max. wt. =    0.930878E-01                                    *
*                                                                 *
*  CPU time used:   113.61119     seconds                         *
*  Wall time used:   113.67500     seconds                        *
*  Threading efficiency:    99.9%                                 *
*                                                                 *
***************   chi**2/iteration =   0.3811       ***************
 
************** Integration by Vegas (iteration   3) ***************
*                                                                 *
*  integral  =   1.6005241       accum. integral =   1.4427342    *
*  std. dev =   0.15014759       accum. std. dev =  0.35808503E-01*
*   max. wt. =    0.149149                                        *
*                                                                 *
*  CPU time used:   117.53902     seconds                         *
*  Wall time used:   117.56100     seconds                        *
*  Threading efficiency:   100.0%                                 *
*                                                                 *
***************   chi**2/iteration =   0.7760       ***************
 
************** Integration by Vegas (iteration   4) ***************
*                                                                 *
*  integral  =   1.4780712       accum. integral =   1.4466134    *
*  std. dev =   0.10197154       accum. std. dev =  0.33785899E-01*
*   max. wt. =    0.149149                                        *
*                                                                 *
*  CPU time used:   105.09328     seconds                         *
*  Wall time used:   105.11300     seconds                        *
*  Threading efficiency:   100.0%                                 *
*                                                                 *
***************   chi**2/iteration =   0.5530       ***************
 
************** Integration by Vegas (iteration   5) ***************
*                                                                 *
*  integral  =   1.4287628       accum. integral =   1.4355382    *
*  std. dev =   0.26425540E-01   accum. std. dev =  0.20814908E-01*
*   max. wt. =    0.149149                                        *
*                                                                 *
*  CPU time used:   117.75513     seconds                         *
*  Wall time used:   117.77800     seconds                        *
*  Threading efficiency:   100.0%                                 *
*                                                                 *
***************   chi**2/iteration =   0.4580       ***************
 
 
CPU time for last  5 iterations:   455.49857    
Wall time for last  5 iterations:   455.71300    
 
 
CPU time total:   455.59348    
Wall time total:   456.15900    
 
 Reached warmup precisionGoal with                 20000  calls per iteration
 
 Snapshot written to ./ggZZ4l_lo_NNPDF31_nnlo_as_0118_1.00_1.00_125_ggZZ_all_snapshot.dat
 
 
 WARMUP phase complete
 Intermediate warmup result
Value of integral is    1.43554     ±   0.20815E-01 fb
 Maximum chisq/it over all contributions is  0.458    
 
first full integration for LO contribution  1
 
 Vegas integration parameters:
 ndim = 10  ncall =        80000  iter = 10  alpha = 0.8
 
************** Integration by Vegas (iteration   1) ***************
*                                                                 *
*  integral  =   1.5223681       accum. integral =   1.5223681    *
*  std. dev =   0.69163536E-01   accum. std. dev =  0.69163536E-01*
*   max. wt. =    0.149149                                        *
*                                                                 *
*  CPU time used:   467.24173     seconds                         *
*  Wall time used:   467.73100     seconds                        *
*  Threading efficiency:    99.9%                                 *
*                                                                 *
***************   chi**2/iteration =    0.000       ***************
 
************** Integration by Vegas (iteration   2) ***************
*                                                                 *
*  integral  =   1.4608254       accum. integral =   1.4675369    *
*  std. dev =   0.24197694E-01   accum. std. dev =  0.22840178E-01*
*   max. wt. =    0.149149                                        *
*                                                                 *
*  CPU time used:   458.99255     seconds                         *
*  Wall time used:   459.75700     seconds                        *
*  Threading efficiency:    99.8%                                 *
*                                                                 *
***************   chi**2/iteration =   0.7054       ***************
 
************** Integration by Vegas (iteration   3) ***************
*                                                                 *
*  integral  =   1.4786971       accum. integral =   1.4773418    *
*  std. dev =   0.84920000E-02   accum. std. dev =  0.79596475E-02*
*   max. wt. =    0.149149                                        *
*                                                                 *
*  CPU time used:   470.52600     seconds                         *
*  Wall time used:   470.97500     seconds                        *
*  Threading efficiency:    99.9%                                 *
*                                                                 *
***************   chi**2/iteration =   0.4576       ***************
 
************** Integration by Vegas (iteration   4) ***************
*                                                                 *
*  integral  =   1.4775796       accum. integral =   1.4775013    *
*  std. dev =   0.55773888E-02   accum. std. dev =  0.45676551E-02*
*   max. wt. =    0.149149                                        *
*                                                                 *
*  CPU time used:   474.53333     seconds                         *
*  Wall time used:   474.94000     seconds                        *
*  Threading efficiency:    99.9%                                 *
*                                                                 *
***************   chi**2/iteration =   0.3053       ***************
 
************** Integration by Vegas (iteration   5) ***************
*                                                                 *
*  integral  =   1.4731028       accum. integral =   1.4753266    *
*  std. dev =   0.46189494E-02   accum. std. dev =  0.32478033E-02*
*   max. wt. =    0.149149                                        *
*                                                                 *
*  CPU time used:   474.31152     seconds                         *
*  Wall time used:   475.03300     seconds                        *
*  Threading efficiency:    99.8%                                 *
*                                                                 *
***************   chi**2/iteration =   0.3436       ***************
 
************** Integration by Vegas (iteration   6) ***************
*                                                                 *
*  integral  =   1.4726869       accum. integral =   1.4752019    *
*  std. dev =   0.14586198E-01   accum. std. dev =  0.31701675E-02*
*   max. wt. =    0.149149                                        *
*                                                                 *
*  CPU time used:   471.34155     seconds                         *
*  Wall time used:   471.73800     seconds                        *
*  Threading efficiency:    99.9%                                 *
*                                                                 *
***************   chi**2/iteration =   0.2811       ***************
 
************** Integration by Vegas (iteration   7) ***************
*                                                                 *
*  integral  =   1.4739171       accum. integral =   1.4751358    *
*  std. dev =   0.13607392E-01   accum. std. dev =  0.30874851E-02*
*   max. wt. =    0.149149                                        *
*                                                                 *
*  CPU time used:   467.72778     seconds                         *
*  Wall time used:   468.28600     seconds                        *
*  Threading efficiency:    99.9%                                 *
*                                                                 *
***************   chi**2/iteration =   0.2357       ***************
 
************** Integration by Vegas (iteration   8) ***************
*                                                                 *
*  integral  =   1.4797517       accum. integral =   1.4757460    *
*  std. dev =   0.79102163E-02   accum. std. dev =  0.28761617E-02*
*   max. wt. =    0.149149                                        *
*                                                                 *
*  CPU time used:   455.73877     seconds                         *
*  Wall time used:   456.18700     seconds                        *
*  Threading efficiency:    99.9%                                 *
*                                                                 *
***************   chi**2/iteration =   0.2442       ***************
 
************** Integration by Vegas (iteration   9) ***************
*                                                                 *
*  integral  =   1.4834975       accum. integral =   1.4774699    *
*  std. dev =   0.53782024E-02   accum. std. dev =  0.25362633E-02*
*   max. wt. =    0.149149                                        *
*                                                                 *
*  CPU time used:   467.97217     seconds                         *
*  Wall time used:   468.79900     seconds                        *
*  Threading efficiency:    99.8%                                 *
*                                                                 *
***************   chi**2/iteration =   0.4156       ***************
 
************** Integration by Vegas (iteration  10) ***************
*                                                                 *
*  integral  =   1.4776532       accum. integral =   1.4775152    *
*  std. dev =   0.44248037E-02   accum. std. dev =  0.22004195E-02*
*   max. wt. =    0.149149                                        *
*                                                                 *
*  CPU time used:   470.11133     seconds                         *
*  Wall time used:   470.64400     seconds                        *
*  Threading efficiency:    99.9%                                 *
*                                                                 *
***************   chi**2/iteration =   0.3696       ***************
 
 
CPU time for last 10 iterations:   4678.4971    
Wall time for last 10 iterations:   4684.1920    
 
 
CPU time total:   5134.1084    
Wall time total:   5140.6530    
 
 
 Snapshot written to ./ggZZ4l_lo_NNPDF31_nnlo_as_0118_1.00_1.00_125_ggZZ_all_snapshot.dat
 
 Intermediate full result
=== Result for PDF set NNPDF31_nnlo_as_0118 member   0 ===
Value of integral is    1.47752     ±   0.22004E-02 fb
 Maximum chisq/it over all contributions is  0.370    
LO full integration, contribution  1
 
 Vegas integration parameters:
 ndim = 10  ncall =       112000  iter =  2  alpha = 0.8
 
************** Integration by Vegas (iteration  11) ***************
*                                                                 *
*  integral  =   1.5191549       accum. integral =   1.4777223    *
*  std. dev =   0.31126909E-01   accum. std. dev =  0.21949419E-02*
*   max. wt. =    0.149149                                        *
*                                                                 *
*  CPU time used:   654.31836     seconds                         *
*  Wall time used:   654.71200     seconds                        *
*  Threading efficiency:    99.9%                                 *
*                                                                 *
***************   chi**2/iteration =   0.5107       ***************
 
************** Integration by Vegas (iteration  12) ***************
*                                                                 *
*  integral  =   1.4792575       accum. integral =   1.4778235    *
*  std. dev =   0.82605894E-02   accum. std. dev =  0.21213326E-02*
*   max. wt. =    0.149149                                        *
*                                                                 *
*  CPU time used:   643.03467     seconds                         *
*  Wall time used:   643.67000     seconds                        *
*  Threading efficiency:    99.9%                                 *
*                                                                 *
***************   chi**2/iteration =   0.4672       ***************
 
 
CPU time for last  2 iterations:   1297.3530    
Wall time for last  2 iterations:   1298.3920    
 
 
CPU time total:   6431.4773    
Wall time total:   6439.4480    
 
 
 Snapshot written to ./ggZZ4l_lo_NNPDF31_nnlo_as_0118_1.00_1.00_125_ggZZ_all_snapshot.dat
 
 Intermediate full result
=== Result for PDF set NNPDF31_nnlo_as_0118 member   0 ===
Value of integral is    1.47782     ±   0.21213E-02 fb
 Maximum chisq/it over all contributions is  0.467    
LO full integration, contribution  1
 
 Vegas integration parameters:
 ndim = 10  ncall =       156800  iter =  2  alpha = 0.8
 
************** Integration by Vegas (iteration  13) ***************
*                                                                 *
*  integral  =   1.4787749       accum. integral =   1.4780022    *
*  std. dev =   0.44119199E-02   accum. std. dev =  0.19118194E-02*
*   max. wt. =    0.149149                                        *
*                                                                 *
*  CPU time used:   908.11768     seconds                         *
*  Wall time used:   909.30400     seconds                        *
*  Threading efficiency:    99.9%                                 *
*                                                                 *
***************   chi**2/iteration =   0.4314       ***************
 
************** Integration by Vegas (iteration  14) ***************
*                                                                 *
*  integral  =   1.4824865       accum. integral =   1.4782410    *
*  std. dev =   0.80611902E-02   accum. std. dev =  0.18602196E-02*
*   max. wt. =    0.149149                                        *
*                                                                 *
*  CPU time used:   912.47510     seconds                         *
*  Wall time used:   913.57400     seconds                        *
*  Threading efficiency:    99.9%                                 *
*                                                                 *
***************   chi**2/iteration =   0.4207       ***************
 
 
CPU time for last  2 iterations:   1820.5928    
Wall time for last  2 iterations:   1822.9150    
 
 
CPU time total:   8252.0826    
Wall time total:   8262.4220    
 
 
 Snapshot written to ./ggZZ4l_lo_NNPDF31_nnlo_as_0118_1.00_1.00_125_ggZZ_all_snapshot.dat
 
 Intermediate full result
=== Result for PDF set NNPDF31_nnlo_as_0118 member   0 ===
Value of integral is    1.47824     ±   0.18602E-02 fb
 Maximum chisq/it over all contributions is  0.421    
LO full integration, contribution  1
 
 Vegas integration parameters:
 ndim = 10  ncall =       219520  iter =  2  alpha = 0.8
 
************** Integration by Vegas (iteration  15) ***************
*                                                                 *
*  integral  =   1.4751635       accum. integral =   1.4777743    *
*  std. dev =   0.43999218E-02   accum. std. dev =  0.17133810E-02*
*   max. wt. =    0.149149                                        *
*                                                                 *
*  CPU time used:   1250.5205     seconds                         *
*  Wall time used:   1251.4540     seconds                        *
*  Threading efficiency:    99.9%                                 *
*                                                                 *
***************   chi**2/iteration =   0.4203       ***************
 
************** Integration by Vegas (iteration  16) ***************
*                                                                 *
*  integral  =   1.4767523       accum. integral =   1.4776400    *
*  std. dev =   0.44052206E-02   accum. std. dev =  0.15968497E-02*
*   max. wt. =    0.149149                                        *
*                                                                 *
*  CPU time used:   1254.8516     seconds                         *
*  Wall time used:   1255.8760     seconds                        *
*  Threading efficiency:    99.9%                                 *
*                                                                 *
***************   chi**2/iteration =   0.3954       ***************
 
 
CPU time for last  2 iterations:   2505.3721    
Wall time for last  2 iterations:   2507.3430    
 
 
CPU time total:   10757.467    
Wall time total:   10769.835    
 
 
 Snapshot written to ./ggZZ4l_lo_NNPDF31_nnlo_as_0118_1.00_1.00_125_ggZZ_all_snapshot.dat
 
 Intermediate full result
=== Result for PDF set NNPDF31_nnlo_as_0118 member   0 ===
Value of integral is    1.47764     ±   0.15968E-02 fb
 Maximum chisq/it over all contributions is  0.395    
LO full integration, contribution  1
 
 Vegas integration parameters:
 ndim = 10  ncall =       307328  iter =  2  alpha = 0.8
 
************** Integration by Vegas (iteration  17) ***************
*                                                                 *
*  integral  =   1.4820655       accum. integral =   1.4788134    *
*  std. dev =   0.26583975E-02   accum. std. dev =  0.13688757E-02*
*   max. wt. =    0.149149                                        *
*                                                                 *
*  CPU time used:   1759.9609     seconds                         *
*  Wall time used:   1761.2030     seconds                        *
*  Threading efficiency:    99.9%                                 *
*                                                                 *
***************   chi**2/iteration =   0.4980       ***************
 
************** Integration by Vegas (iteration  18) ***************
*                                                                 *
*  integral  =   1.4770691       accum. integral =   1.4783394    *
*  std. dev =   0.22409261E-02   accum. std. dev =  0.11681711E-02*
*   max. wt. =    0.149149                                        *
*                                                                 *
*  CPU time used:   1770.2422     seconds                         *
*  Wall time used:   1771.8530     seconds                        *
*  Threading efficiency:    99.9%                                 *
*                                                                 *
***************   chi**2/iteration =   0.4947       ***************
 
 
CPU time for last  2 iterations:   3530.2031    
Wall time for last  2 iterations:   3533.0560    
 
 
CPU time total:   14287.681    
Wall time total:   14302.921    
 
 
 Snapshot written to ./ggZZ4l_lo_NNPDF31_nnlo_as_0118_1.00_1.00_125_ggZZ_all_snapshot.dat
 
=== Result for PDF set NNPDF31_nnlo_as_0118 member   0 ===
Value of integral is    1.47834     ±   0.11682E-02 fb
 Maximum chisq/it over all contributions is  0.495    
                                  
================================= 
Global information about the job: 
================================= 
  
Job owner: taepa(54821)
Job name:  ggZZ_all
Node list: ravc4004
Job start: Tue Sep 17 21:51:55 CEST 2024
Job end:   Wed Sep 18 01:50:20 CEST 2024
Work dir:  /raven/u/taepa/mcfm/MCFM-10.3/Bin
Command:   /raven/u/taepa/mcfm/MCFM-10.3/Bin/ggZZ_all/job.sh
  
  
  
==========================================================================================
Information on jobsteps (Note: MaxRSS/AveRSS is the maximum/average over all 
tasks of the per-task memory high-water marks; cf. "man sacct"): 
==========================================================================================
  
JobID            JobName NNodes NTasks  NCPUS       MaxRSS       AveRSS    Elapsed ExitCode
------------- ---------- ------ ------ ------ ------------ ------------ ---------- --------
12827826        ggZZ_all      1             2                             03:58:25      0:0
  
Maximum memory per node: 0.041975 GB (defined as MaxRSS*Ntasks/NNodes)
CPU utilization: 99.7 %
  
